{
  "RSpec": {
    "coverage": {
      "/home/leonimanuel/tic-tac-toe-rb-online-web-sp-000/lib/tic_tac_toe.rb": [
        null,
        1,
        7,
        7,
        7,
        7,
        7,
        null,
        null,
        1,
        6,
        null,
        null,
        null,
        1,
        5,
        null,
        null,
        1,
        null,
        null,
        5,
        5,
        45,
        5,
        null,
        null,
        5,
        null,
        null,
        1,
        4,
        null,
        null,
        1,
        15,
        null,
        null,
        1,
        6,
        null,
        null,
        1,
        3,
        3,
        3,
        3,
        3,
        2,
        2,
        null,
        1,
        null,
        null,
        null,
        null,
        null,
        1,
        null,
        null,
        null,
        null,
        null,
        null,
        null,
        null,
        null,
        null,
        1,
        11,
        78,
        null,
        null,
        null,
        null,
        null,
        1,
        62,
        null,
        null,
        1,
        7,
        null,
        null,
        1,
        3,
        null,
        null,
        1,
        3,
        2,
        null,
        null,
        null,
        1,
        0,
        0,
        0,
        0,
        0,
        0,
        0,
        0,
        0,
        0,
        0,
        null,
        0,
        null,
        0,
        0,
        null,
        null
      ]
    },
    "timestamp": 1578462333
  }
}
